<?xml version="1.0" encoding="UTF-8"?>
<!-- Generated by org.testng.reporters.JUnitReportReporter -->
<testsuite hostname="Anupam-PC" failures="0" tests="9" name="trello.TrelloTestCaseExecution" time="381.771" errors="0" timestamp="2023-01-13T17:49:18 IST" skipped="1">
  <testcase classname="trello.TrelloTestCaseExecution" name="homepageCheck" time="76.019"/>
  <system-out>
    <![CDATA[Trello home page is displayed and verified upon title.
Trello home page is displayed and verified upon url.]]>
  </system-out>
  <testcase classname="trello.TrelloTestCaseExecution" name="loginpageCheck" time="22.243"/>
  <system-out>
    <![CDATA[Trello login page is displayed and verified upon title.
Trello login page is displayed and verified upon url.]]>
  </system-out>
  <testcase classname="trello.TrelloTestCaseExecution" name="loginToAccount" time="54.689"/>
  <system-out>
    <![CDATA[Trello login to continue page is displayed and verified upon title.
Trello board page is displayed and verified upon title.
Trello board page is displayed and verified upon url contains email reference.
LogOut option is Displayed
Log out of your Atlassian account page is displayed and verified upon url contains email reference.
Log out of your Atlassian account is successfull and verified upon homepage URL]]>
  </system-out>
  <testcase classname="trello.TrelloTestCaseExecution" name="createAndDeleteBoard" time="40.677"/>
  <system-out>
    <![CDATA[Trello login to continue page is displayed and verified upon title.
Trello board page is displayed and verified upon title.
Trello board page is displayed and verified upon url contains email reference.
Created board page is displayed and verified upon url contains boardname.
Created board page is displayed and verified upon boardname.
Board is succefully deleted and varified on popup displayed
LogOut option is Displayed
Log out of your Atlassian account page is displayed and verified upon url contains email reference.
Log out of your Atlassian account is successfull and verified upon homepage URL]]>
  </system-out>
  <testcase classname="trello.TrelloTestCaseExecution" name="create2ListsInBoard" time="38.287"/>
  <system-out>
    <![CDATA[Trello login to continue page is displayed and verified upon title.
Trello board page is displayed and verified upon title.
Trello board page is displayed and verified upon url contains email reference.
Created board page is displayed and verified upon url contains boardname.
Created board page is displayed and verified upon boardname.
2 lists successfully created and varified upon count
Board is succefully deleted and varified on popup displayed
LogOut option is Displayed
Log out of your Atlassian account page is displayed and verified upon url contains email reference.
Log out of your Atlassian account is successfull and verified upon homepage URL]]>
  </system-out>
  <testcase classname="trello.TrelloTestCaseExecution" name="swapTheList" time="38.769"/>
  <system-out>
    <![CDATA[Trello login to continue page is displayed and verified upon title.
Trello board page is displayed and verified upon title.
Trello board page is displayed and verified upon url contains email reference.
Created board page is displayed and verified upon url contains boardname.
Created board page is displayed and verified upon boardname.
2 lists successfully created and varified upon count
Order of Lists before swapping
Selenium
SQL
Order of Lists after swapping
SQL
Selenium
Board is succefully deleted and varified on popup displayed
LogOut option is Displayed
Log out of your Atlassian account page is displayed and verified upon url contains email reference.
Log out of your Atlassian account is successfull and verified upon homepage URL]]>
  </system-out>
  <testcase classname="trello.TrelloTestCaseExecution" name="sortCardsAlpabetically" time="77.209"/>
  <system-out>
    <![CDATA[Trello login to continue page is displayed and verified upon title.
Trello board page is displayed and verified upon title.
Trello board page is displayed and verified upon url contains email reference.
Created board page is displayed and verified upon url contains boardname.
Created board page is displayed and verified upon boardname.
2 lists successfully created and varified upon count
Card name before sorting
z
d
f
e
Card name After sorting
d
e
f
z
Board is succefully deleted and varified on popup displayed
LogOut option is Displayed
Log out of your Atlassian account page is displayed and verified upon url contains email reference.
Log out of your Atlassian account is successfull and verified upon homepage URL]]>
  </system-out>
  <testcase classname="trello.TrelloTestCaseExecution" name="getCountOfCardAndList" time="33.878"/>
  <system-out>
    <![CDATA[Trello login to continue page is displayed and verified upon title.
Trello board page is displayed and verified upon title.
Trello board page is displayed and verified upon url contains email reference.
Created board page is displayed and verified upon url contains boardname.
Created board page is displayed and verified upon boardname.
2 lists successfully created and varified upon count
Cards in list
z
d
f
e
Count of created lists in Board : 2
Ccount of cards created in list : 4
Board is succefully deleted and varified on popup displayed
LogOut option is Displayed
Log out of your Atlassian account page is displayed and verified upon url contains email reference.
Log out of your Atlassian account is successfull and verified upon homepage URL]]>
  </system-out>
  <testcase classname="trello.TrelloTestCaseExecution" name="moveLoadedListToAnotherBoard">
    <skipped/>
  </testcase> <!-- moveLoadedListToAnotherBoard -->
  <system-out/>
</testsuite> <!-- trello.TrelloTestCaseExecution -->
